<?xml version="1.0" encoding="UTF-8"?>
<!-- Generated by org.testng.reporters.JUnitReportReporter -->
<testsuite skipped="0" hostname="PC00176" name="com.hieu.work1.NewTest" tests="4" failures="0" timestamp="26 Nov 2018 10:20:48 GMT" time="4.777" errors="0">
  <testcase name="Test1" time="2.436" classname="com.hieu.work1.NewTest"/>
  <testcase name="Test2" time="0.864" classname="com.hieu.work1.NewTest"/>
  <testcase name="Test3" time="1.112" classname="com.hieu.work1.NewTest"/>
  <testcase name="Test4" time="0.365" classname="com.hieu.work1.NewTest"/>
</testsuite> <!-- com.hieu.work1.NewTest -->
